<?xml version="1.0" encoding="UTF-8"?>
<robot generator="Robot 3.2.2 (Python 3.9.1 on win32)" generated="20210116 22:40:39.053" rpa="false">
<suite id="s1" name="Testcases" source="C:\Users\user\Desktop\flipkartrobot\demo_flipkart\Tests\Testcases.robot">
<test id="s1-t1" name="User Should be able to book an electronic device on flipkart">
<kw name="Open Flipkart website" library="instructions">
<kw name="Open Browser" library="SeleniumLibrary">
<doc>Opens a new browser instance to the optional ``url``.</doc>
<arguments>
<arg>${url_books}</arg>
<arg>${brows}</arg>
</arguments>
<msg timestamp="20210116 22:40:39.359" level="INFO">Opening browser 'gc' to base url 'https://www.flipkart.com/'.</msg>
<status status="PASS" starttime="20210116 22:40:39.359" endtime="20210116 22:40:45.538"></status>
</kw>
<kw name="Maximize Browser Window" library="SeleniumLibrary">
<doc>Maximizes current browser window.</doc>
<status status="PASS" starttime="20210116 22:40:45.539" endtime="20210116 22:40:47.720"></status>
</kw>
<kw name="Sleep" library="BuiltIn">
<doc>Pauses the test executed for the given time.</doc>
<arguments>
<arg>2s</arg>
</arguments>
<msg timestamp="20210116 22:40:49.722" level="INFO">Slept 2 seconds</msg>
<status status="PASS" starttime="20210116 22:40:47.720" endtime="20210116 22:40:49.722"></status>
</kw>
<kw name="Verify WebPage title" library="instructions">
<arguments>
<arg>${Expected_homePage}</arg>
</arguments>
<kw name="Wait Until Page Contains" library="SeleniumLibrary">
<doc>Waits until ``text`` appears on the current page.</doc>
<arguments>
<arg>${title_name}</arg>
</arguments>
<status status="PASS" starttime="20210116 22:40:49.723" endtime="20210116 22:40:49.742"></status>
</kw>
<kw name="Log To Console" library="BuiltIn">
<doc>Logs the given message to the console.</doc>
<arguments>
<arg>${title_name}</arg>
</arguments>
<status status="PASS" starttime="20210116 22:40:49.743" endtime="20210116 22:40:49.743"></status>
</kw>
<kw name="Log To Console" library="BuiltIn">
<doc>Logs the given message to the console.</doc>
<arguments>
<arg>Pass!!</arg>
</arguments>
<status status="PASS" starttime="20210116 22:40:49.744" endtime="20210116 22:40:49.745"></status>
</kw>
<status status="PASS" starttime="20210116 22:40:49.722" endtime="20210116 22:40:49.746"></status>
</kw>
<kw name="Log To Console" library="BuiltIn">
<doc>Logs the given message to the console.</doc>
<arguments>
<arg>Step1</arg>
</arguments>
<status status="PASS" starttime="20210116 22:40:49.746" endtime="20210116 22:40:49.750"></status>
</kw>
<status status="PASS" starttime="20210116 22:40:39.358" endtime="20210116 22:40:49.750"></status>
</kw>
<kw name="Enter mobile number and password details" library="instructions">
<kw name="Get Text" library="SeleniumLibrary">
<doc>Returns the text value of the element identified by ``locator``.</doc>
<arguments>
<arg>${Login_id}</arg>
</arguments>
<assign>
<var>${abc}</var>
</assign>
<msg timestamp="20210116 22:40:49.784" level="INFO">${abc} = </msg>
<status status="PASS" starttime="20210116 22:40:49.752" endtime="20210116 22:40:49.784"></status>
</kw>
<kw name="Log To Console" library="BuiltIn">
<doc>Logs the given message to the console.</doc>
<arguments>
<arg>${abc}</arg>
</arguments>
<status status="PASS" starttime="20210116 22:40:49.785" endtime="20210116 22:40:49.785"></status>
</kw>
<kw name="Sleep" library="BuiltIn">
<doc>Pauses the test executed for the given time.</doc>
<arguments>
<arg>4s</arg>
</arguments>
<msg timestamp="20210116 22:40:53.786" level="INFO">Slept 4 seconds</msg>
<status status="PASS" starttime="20210116 22:40:49.785" endtime="20210116 22:40:53.786"></status>
</kw>
<kw name="Input Text" library="SeleniumLibrary">
<doc>Types the given ``text`` into the text field identified by ``locator``.</doc>
<arguments>
<arg>${Login_id}</arg>
<arg>${Given_Number}</arg>
</arguments>
<msg timestamp="20210116 22:40:53.786" level="INFO">Typing text '8861260610' into text field 'xpath=//div/input[@class='_2IX_2- VJZDxU']'.</msg>
<status status="PASS" starttime="20210116 22:40:53.786" endtime="20210116 22:40:53.901"></status>
</kw>
<kw name="Input Password" library="SeleniumLibrary">
<doc>Types the given password into the text field identified by ``locator``.</doc>
<arguments>
<arg>${password}</arg>
<arg>${Given_password}</arg>
</arguments>
<msg timestamp="20210116 22:40:53.901" level="INFO">Typing password into text field 'xpath=//div/input[@class='_2IX_2- _3mctLh VJZDxU']'.</msg>
<msg timestamp="20210116 22:40:53.991" level="INFO">Temporally setting log level to: NONE</msg>
<msg timestamp="20210116 22:40:54.124" level="INFO">Log level changed from NONE to INFO.</msg>
<status status="PASS" starttime="20210116 22:40:53.901" endtime="20210116 22:40:54.124"></status>
</kw>
<kw name="Sleep" library="BuiltIn">
<doc>Pauses the test executed for the given time.</doc>
<arguments>
<arg>2s</arg>
</arguments>
<msg timestamp="20210116 22:40:56.126" level="INFO">Slept 2 seconds</msg>
<status status="PASS" starttime="20210116 22:40:54.125" endtime="20210116 22:40:56.126"></status>
</kw>
<kw name="Click Element" library="SeleniumLibrary">
<doc>Click the element identified by ``locator``.</doc>
<arguments>
<arg>${submit}</arg>
</arguments>
<msg timestamp="20210116 22:40:56.126" level="INFO">Clicking element 'xpath=//button/span[contains(text(),'Login')]'.</msg>
<status status="PASS" starttime="20210116 22:40:56.126" endtime="20210116 22:40:56.198"></status>
</kw>
<kw name="Log To Console" library="BuiltIn">
<doc>Logs the given message to the console.</doc>
<arguments>
<arg>Step2</arg>
</arguments>
<status status="PASS" starttime="20210116 22:40:56.198" endtime="20210116 22:40:56.199"></status>
</kw>
<status status="PASS" starttime="20210116 22:40:49.751" endtime="20210116 22:40:56.199"></status>
</kw>
<kw name="Clear the contents in the cart" library="instructions">
<kw name="Sleep" library="BuiltIn">
<doc>Pauses the test executed for the given time.</doc>
<arguments>
<arg>2s</arg>
</arguments>
<msg timestamp="20210116 22:40:58.207" level="INFO">Slept 2 seconds</msg>
<status status="PASS" starttime="20210116 22:40:56.204" endtime="20210116 22:40:58.207"></status>
</kw>
<kw name="Click Element" library="SeleniumLibrary">
<doc>Click the element identified by ``locator``.</doc>
<arguments>
<arg>${home_screen_cart}</arg>
</arguments>
<msg timestamp="20210116 22:40:58.207" level="INFO">Clicking element 'xpath=//span[contains(text(),'Cart')]'.</msg>
<status status="PASS" starttime="20210116 22:40:58.207" endtime="20210116 22:40:58.311"></status>
</kw>
<kw name="Sleep" library="BuiltIn">
<doc>Pauses the test executed for the given time.</doc>
<arguments>
<arg>2s</arg>
</arguments>
<msg timestamp="20210116 22:41:00.312" level="INFO">Slept 2 seconds</msg>
<status status="PASS" starttime="20210116 22:40:58.311" endtime="20210116 22:41:00.312"></status>
</kw>
<kw name="Run Keyword And Return Status" library="BuiltIn">
<doc>Runs the given keyword with given arguments and returns the status as a Boolean value.</doc>
<arguments>
<arg>Element Should Be Visible</arg>
<arg>${cart_empty}</arg>
</arguments>
<assign>
<var>${present}</var>
</assign>
<kw name="Element Should Be Visible" library="SeleniumLibrary">
<doc>Verifies that the element identified by ``locator`` is visible.</doc>
<arguments>
<arg>${cart_empty}</arg>
</arguments>
<kw name="Capture Page Screenshot" library="SeleniumLibrary">
<doc>Takes a screenshot of the current page and embeds it into a log file.</doc>
<msg timestamp="20210116 22:41:00.615" level="INFO" html="yes">&lt;/td&gt;&lt;/tr&gt;&lt;tr&gt;&lt;td colspan="3"&gt;&lt;a href="selenium-screenshot-105.png"&gt;&lt;img src="selenium-screenshot-105.png" width="800px"&gt;&lt;/a&gt;</msg>
<status status="PASS" starttime="20210116 22:41:00.323" endtime="20210116 22:41:00.615"></status>
</kw>
<msg timestamp="20210116 22:41:00.617" level="FAIL">Element with locator 'xpath=//div[contains(text(),'Your cart is empty!')]' not found.</msg>
<status status="FAIL" starttime="20210116 22:41:00.312" endtime="20210116 22:41:00.617"></status>
</kw>
<msg timestamp="20210116 22:41:00.617" level="INFO">${present} = False</msg>
<status status="PASS" starttime="20210116 22:41:00.312" endtime="20210116 22:41:00.618"></status>
</kw>
<kw name="Run Keyword If" library="BuiltIn">
<doc>Runs the given keyword with the given arguments, if ``condition`` is true.</doc>
<arguments>
<arg>'${present}'=='False'</arg>
<arg>Remove from Cart</arg>
</arguments>
<kw name="Remove from Cart" library="instructions">
<kw name="Wait Until Page Contains" library="SeleniumLibrary">
<doc>Waits until ``text`` appears on the current page.</doc>
<arguments>
<arg>${expeted_product}</arg>
</arguments>
<status status="PASS" starttime="20210116 22:41:00.618" endtime="20210116 22:41:00.630"></status>
</kw>
<kw name="Click Element" library="SeleniumLibrary">
<doc>Click the element identified by ``locator``.</doc>
<arguments>
<arg>${remove_button}</arg>
</arguments>
<msg timestamp="20210116 22:41:00.631" level="INFO">Clicking element 'xpath=//div[contains(@class,'_3dsJAO') and text()='Remove']'.</msg>
<status status="PASS" starttime="20210116 22:41:00.630" endtime="20210116 22:41:00.687"></status>
</kw>
<kw name="Sleep" library="BuiltIn">
<doc>Pauses the test executed for the given time.</doc>
<arguments>
<arg>2s</arg>
</arguments>
<msg timestamp="20210116 22:41:02.688" level="INFO">Slept 2 seconds</msg>
<status status="PASS" starttime="20210116 22:41:00.688" endtime="20210116 22:41:02.688"></status>
</kw>
<kw name="Click Element" library="SeleniumLibrary">
<doc>Click the element identified by ``locator``.</doc>
<arguments>
<arg>${confirm_remove}</arg>
</arguments>
<msg timestamp="20210116 22:41:02.689" level="INFO">Clicking element 'xpath=//div[contains(@class,'_3dsJAO _24d-qY FhkMJZ') and text()='Remove']'.</msg>
<status status="PASS" starttime="20210116 22:41:02.688" endtime="20210116 22:41:02.754"></status>
</kw>
<status status="PASS" starttime="20210116 22:41:00.618" endtime="20210116 22:41:02.754"></status>
</kw>
<status status="PASS" starttime="20210116 22:41:00.618" endtime="20210116 22:41:02.754"></status>
</kw>
<status status="PASS" starttime="20210116 22:40:56.203" endtime="20210116 22:41:02.755"></status>
</kw>
<kw name="Move to Home Page" library="instructions">
<kw name="Sleep" library="BuiltIn">
<doc>Pauses the test executed for the given time.</doc>
<arguments>
<arg>2s</arg>
</arguments>
<msg timestamp="20210116 22:41:04.758" level="INFO">Slept 2 seconds</msg>
<status status="PASS" starttime="20210116 22:41:02.757" endtime="20210116 22:41:04.758"></status>
</kw>
<kw name="Click Element" library="SeleniumLibrary">
<doc>Click the element identified by ``locator``.</doc>
<arguments>
<arg>${home_button}</arg>
</arguments>
<msg timestamp="20210116 22:41:04.758" level="INFO">Clicking element 'xpath=//div/a/img[@class='_2xm1JU']'.</msg>
<status status="PASS" starttime="20210116 22:41:04.758" endtime="20210116 22:41:04.854"></status>
</kw>
<status status="PASS" starttime="20210116 22:41:02.756" endtime="20210116 22:41:04.855"></status>
</kw>
<kw name="Navigate to Category &quot;Electronics&quot;" library="instructions">
<kw name="Sleep" library="BuiltIn">
<doc>Pauses the test executed for the given time.</doc>
<arguments>
<arg>2s</arg>
</arguments>
<msg timestamp="20210116 22:41:06.858" level="INFO">Slept 2 seconds</msg>
<status status="PASS" starttime="20210116 22:41:04.857" endtime="20210116 22:41:06.858"></status>
</kw>
<kw name="Mouse Over" library="SeleniumLibrary">
<doc>Simulates hovering the mouse over the element ``locator``.</doc>
<arguments>
<arg>${Electronics}</arg>
</arguments>
<msg timestamp="20210116 22:41:06.859" level="INFO">Simulating Mouse Over on element 'xpath=//div/span[contains(@class,'_2I9KP_') and text()='Electronics']'.</msg>
<status status="PASS" starttime="20210116 22:41:06.858" endtime="20210116 22:41:07.159"></status>
</kw>
<kw name="Sleep" library="BuiltIn">
<doc>Pauses the test executed for the given time.</doc>
<arguments>
<arg>2s</arg>
</arguments>
<msg timestamp="20210116 22:41:09.160" level="INFO">Slept 2 seconds</msg>
<status status="PASS" starttime="20210116 22:41:07.159" endtime="20210116 22:41:09.160"></status>
</kw>
<kw name="Scroll Element Into View" library="SeleniumLibrary">
<doc>Scrolls the element identified by ``locator`` into view.</doc>
<arguments>
<arg>${smart_wearables}</arg>
</arguments>
<status status="PASS" starttime="20210116 22:41:09.160" endtime="20210116 22:41:09.439"></status>
</kw>
<kw name="Click Element" library="SeleniumLibrary">
<doc>Click the element identified by ``locator``.</doc>
<arguments>
<arg>${smart_wearables}</arg>
</arguments>
<msg timestamp="20210116 22:41:09.440" level="INFO">Clicking element 'xpath=//div/a[contains(@class,'_3QN6WI') and contains(@href,'/smartwatches-store?otracker=nmenu_sub_Electronics_0_Smart%20Watches')]'.</msg>
<status status="PASS" starttime="20210116 22:41:09.439" endtime="20210116 22:41:09.498"></status>
</kw>
<kw name="Log To Console" library="BuiltIn">
<doc>Logs the given message to the console.</doc>
<arguments>
<arg>Step3</arg>
</arguments>
<status status="PASS" starttime="20210116 22:41:09.498" endtime="20210116 22:41:09.499"></status>
</kw>
<status status="PASS" starttime="20210116 22:41:04.855" endtime="20210116 22:41:09.500"></status>
</kw>
<kw name="Choose Product" library="instructions">
<kw name="Sleep" library="BuiltIn">
<doc>Pauses the test executed for the given time.</doc>
<arguments>
<arg>5s</arg>
</arguments>
<msg timestamp="20210116 22:41:14.510" level="INFO">Slept 5 seconds</msg>
<status status="PASS" starttime="20210116 22:41:09.510" endtime="20210116 22:41:14.510"></status>
</kw>
<kw name="Click Element" library="SeleniumLibrary">
<doc>Click the element identified by ``locator``.</doc>
<arguments>
<arg>${view_all}</arg>
</arguments>
<msg timestamp="20210116 22:41:14.510" level="INFO">Clicking element 'xpath=//div/a/span[contains(text(),'VIEW ALL')]'.</msg>
<status status="PASS" starttime="20210116 22:41:14.510" endtime="20210116 22:41:14.612"></status>
</kw>
<kw name="Sleep" library="BuiltIn">
<doc>Pauses the test executed for the given time.</doc>
<arguments>
<arg>5s</arg>
</arguments>
<msg timestamp="20210116 22:41:19.613" level="INFO">Slept 5 seconds</msg>
<status status="PASS" starttime="20210116 22:41:14.612" endtime="20210116 22:41:19.613"></status>
</kw>
<kw name="Scroll Element Into View" library="SeleniumLibrary">
<doc>Scrolls the element identified by ``locator`` into view.</doc>
<arguments>
<arg>${product}</arg>
</arguments>
<status status="PASS" starttime="20210116 22:41:19.613" endtime="20210116 22:41:19.925"></status>
</kw>
<kw name="Sleep" library="BuiltIn">
<doc>Pauses the test executed for the given time.</doc>
<arguments>
<arg>5s</arg>
</arguments>
<msg timestamp="20210116 22:41:24.927" level="INFO">Slept 5 seconds</msg>
<status status="PASS" starttime="20210116 22:41:19.925" endtime="20210116 22:41:24.927"></status>
</kw>
<kw name="Click Element" library="SeleniumLibrary">
<doc>Click the element identified by ``locator``.</doc>
<arguments>
<arg>${product}</arg>
</arguments>
<msg timestamp="20210116 22:41:24.929" level="INFO">Clicking element 'xpath=//div[contains(@class,'_4rR01T') and text()='Apple Watch Series 4 GPS + Cellular 44 mm Space Grey Aluminium Case with Black Sport Band']'.</msg>
<status status="PASS" starttime="20210116 22:41:24.928" endtime="20210116 22:41:25.052"></status>
</kw>
<kw name="Log To Console" library="BuiltIn">
<doc>Logs the given message to the console.</doc>
<arguments>
<arg>Step4</arg>
</arguments>
<status status="PASS" starttime="20210116 22:41:25.053" endtime="20210116 22:41:25.053"></status>
</kw>
<status status="PASS" starttime="20210116 22:41:09.509" endtime="20210116 22:41:25.054"></status>
</kw>
<kw name="Add to Cart" library="instructions">
<kw name="Sleep" library="BuiltIn">
<doc>Pauses the test executed for the given time.</doc>
<arguments>
<arg>5s</arg>
</arguments>
<msg timestamp="20210116 22:41:30.059" level="INFO">Slept 5 seconds</msg>
<status status="PASS" starttime="20210116 22:41:25.056" endtime="20210116 22:41:30.059"></status>
</kw>
<kw name="Select Window" library="SeleniumLibrary">
<doc>DEPRECATED in SeleniumLibrary 4.0. , use `Switch Window` instead.</doc>
<arguments>
<arg>${Expected_window}</arg>
</arguments>
<status status="PASS" starttime="20210116 22:41:30.059" endtime="20210116 22:41:32.178"></status>
</kw>
<kw name="Sleep" library="BuiltIn">
<doc>Pauses the test executed for the given time.</doc>
<arguments>
<arg>5s</arg>
</arguments>
<msg timestamp="20210116 22:41:37.179" level="INFO">Slept 5 seconds</msg>
<status status="PASS" starttime="20210116 22:41:32.178" endtime="20210116 22:41:37.179"></status>
</kw>
<kw name="Get Text" library="SeleniumLibrary">
<doc>Returns the text value of the element identified by ``locator``.</doc>
<arguments>
<arg>${pincode}</arg>
</arguments>
<assign>
<var>${abc}</var>
</assign>
<msg timestamp="20210116 22:41:37.206" level="INFO">${abc} = </msg>
<status status="PASS" starttime="20210116 22:41:37.179" endtime="20210116 22:41:37.206"></status>
</kw>
<kw name="Log To Console" library="BuiltIn">
<doc>Logs the given message to the console.</doc>
<arguments>
<arg>${abc}</arg>
</arguments>
<status status="PASS" starttime="20210116 22:41:37.206" endtime="20210116 22:41:37.206"></status>
</kw>
<kw name="Press Keys" library="SeleniumLibrary">
<doc>Simulates the user pressing key(s) to an element or on the active browser.</doc>
<arguments>
<arg>${pincode}</arg>
<arg>${Expected_pincode}</arg>
</arguments>
<msg timestamp="20210116 22:41:37.207" level="INFO">Sending key(s) ('560072',) to xpath=//input[@id='pincodeInputId'] element.</msg>
<msg timestamp="20210116 22:41:37.520" level="INFO">Sending keys 560072</msg>
<status status="PASS" starttime="20210116 22:41:37.206" endtime="20210116 22:41:37.642"></status>
</kw>
<kw name="Click Element" library="SeleniumLibrary">
<doc>Click the element identified by ``locator``.</doc>
<arguments>
<arg>${check_pincode}</arg>
</arguments>
<msg timestamp="20210116 22:41:37.643" level="INFO">Clicking element 'xpath=//div/span[contains(@class,'_2P_LDn') and text()='Check']'.</msg>
<status status="PASS" starttime="20210116 22:41:37.642" endtime="20210116 22:41:37.801"></status>
</kw>
<kw name="Sleep" library="BuiltIn">
<doc>Pauses the test executed for the given time.</doc>
<arguments>
<arg>5s</arg>
</arguments>
<msg timestamp="20210116 22:41:42.802" level="INFO">Slept 5 seconds</msg>
<status status="PASS" starttime="20210116 22:41:37.801" endtime="20210116 22:41:42.802"></status>
</kw>
<kw name="Click Element" library="SeleniumLibrary">
<doc>Click the element identified by ``locator``.</doc>
<arguments>
<arg>${add_to_cart}</arg>
</arguments>
<msg timestamp="20210116 22:41:42.804" level="INFO">Clicking element 'xpath=//button[@class='_2KpZ6l _2U9uOA _3v1-ww']'.</msg>
<status status="PASS" starttime="20210116 22:41:42.803" endtime="20210116 22:41:42.882"></status>
</kw>
<kw name="Log To Console" library="BuiltIn">
<doc>Logs the given message to the console.</doc>
<arguments>
<arg>Step5</arg>
</arguments>
<status status="PASS" starttime="20210116 22:41:42.882" endtime="20210116 22:41:42.882"></status>
</kw>
<status status="PASS" starttime="20210116 22:41:25.056" endtime="20210116 22:41:42.883"></status>
</kw>
<kw name="Navigate to home screen and verify product in cart" library="instructions">
<kw name="Sleep" library="BuiltIn">
<doc>Pauses the test executed for the given time.</doc>
<arguments>
<arg>3s</arg>
</arguments>
<msg timestamp="20210116 22:41:45.893" level="INFO">Slept 3 seconds</msg>
<status status="PASS" starttime="20210116 22:41:42.892" endtime="20210116 22:41:45.893"></status>
</kw>
<kw name="Click Element" library="SeleniumLibrary">
<doc>Click the element identified by ``locator``.</doc>
<arguments>
<arg>${home_button}</arg>
</arguments>
<msg timestamp="20210116 22:41:45.893" level="INFO">Clicking element 'xpath=//div/a/img[@class='_2xm1JU']'.</msg>
<status status="PASS" starttime="20210116 22:41:45.893" endtime="20210116 22:41:45.967"></status>
</kw>
<kw name="Sleep" library="BuiltIn">
<doc>Pauses the test executed for the given time.</doc>
<arguments>
<arg>3s</arg>
</arguments>
<msg timestamp="20210116 22:41:48.970" level="INFO">Slept 3 seconds</msg>
<status status="PASS" starttime="20210116 22:41:45.968" endtime="20210116 22:41:48.970"></status>
</kw>
<kw name="Click Element" library="SeleniumLibrary">
<doc>Click the element identified by ``locator``.</doc>
<arguments>
<arg>${home_screen_cart}</arg>
</arguments>
<msg timestamp="20210116 22:41:48.971" level="INFO">Clicking element 'xpath=//span[contains(text(),'Cart')]'.</msg>
<status status="PASS" starttime="20210116 22:41:48.970" endtime="20210116 22:41:49.054"></status>
</kw>
<kw name="Sleep" library="BuiltIn">
<doc>Pauses the test executed for the given time.</doc>
<arguments>
<arg>5s</arg>
</arguments>
<msg timestamp="20210116 22:41:54.056" level="INFO">Slept 5 seconds</msg>
<status status="PASS" starttime="20210116 22:41:49.054" endtime="20210116 22:41:54.056"></status>
</kw>
<kw name="Verify if the added item is available in the cart" library="instructions">
<arguments>
<arg>${expeted_product}</arg>
</arguments>
<kw name="Wait Until Page Contains" library="SeleniumLibrary">
<doc>Waits until ``text`` appears on the current page.</doc>
<arguments>
<arg>${apple_watch}</arg>
</arguments>
<status status="PASS" starttime="20210116 22:41:54.056" endtime="20210116 22:41:54.071"></status>
</kw>
<kw name="Log To Console" library="BuiltIn">
<doc>Logs the given message to the console.</doc>
<arguments>
<arg>${apple_watch}</arg>
</arguments>
<status status="PASS" starttime="20210116 22:41:54.071" endtime="20210116 22:41:54.071"></status>
</kw>
<kw name="Log To Console" library="BuiltIn">
<doc>Logs the given message to the console.</doc>
<arguments>
<arg>Pass you can party!!</arg>
</arguments>
<status status="PASS" starttime="20210116 22:41:54.072" endtime="20210116 22:41:54.073"></status>
</kw>
<status status="PASS" starttime="20210116 22:41:54.056" endtime="20210116 22:41:54.074"></status>
</kw>
<status status="PASS" starttime="20210116 22:41:42.892" endtime="20210116 22:41:54.074"></status>
</kw>
<status status="PASS" starttime="20210116 22:40:39.354" endtime="20210116 22:41:54.078" critical="yes"></status>
</test>
<status status="PASS" starttime="20210116 22:40:39.056" endtime="20210116 22:41:54.080"></status>
</suite>
<statistics>
<total>
<stat pass="1" fail="0">Critical Tests</stat>
<stat pass="1" fail="0">All Tests</stat>
</total>
<tag>
</tag>
<suite>
<stat pass="1" fail="0" id="s1" name="Testcases">Testcases</stat>
</suite>
</statistics>
<errors>
</errors>
</robot>
